<?xml version="1.0" encoding="UTF-8"?>
<!-- Generated by org.testng.reporters.JUnitReportReporter -->
<testsuite hostname="LAPTOP-NBCD1KMT" failures="0" tests="1" name="Test.TestCase60" time="5.492" errors="0" timestamp="2024-03-28T18:20:27 IST" skipped="0">
  <testcase classname="Test.TestCase60" name="regression" time="5.492"/>
</testsuite> <!-- Test.TestCase60 -->
