<?xml version="1.0" encoding="UTF-8"?>
<!-- Generated by org.testng.reporters.JUnitReportReporter -->
<testsuite hostname="LAPTOP-NBCD1KMT" failures="0" tests="1" name="Test.TestCase57" time="17.879" errors="0" timestamp="2024-03-28T17:55:22 IST" skipped="0">
  <testcase classname="Test.TestCase57" name="regression" time="17.879"/>
</testsuite> <!-- Test.TestCase57 -->
