<?xml version="1.0" encoding="UTF-8"?>
<!-- Generated by org.testng.reporters.JUnitReportReporter -->
<testsuite hostname="LAPTOP-NBCD1KMT" failures="0" tests="1" name="Test.TestCase81" time="0.441" errors="0" timestamp="2024-03-29T10:24:58 IST" skipped="0">
  <testcase classname="Test.TestCase81" name="regression" time="0.441"/>
</testsuite> <!-- Test.TestCase81 -->
