<?xml version="1.0" encoding="UTF-8"?>
<!-- Generated by org.testng.reporters.JUnitReportReporter -->
<testsuite hostname="LAPTOP-NBCD1KMT" failures="0" tests="1" name="Test.TestCase101" time="22.692" errors="0" timestamp="2024-03-29T10:53:33 IST" skipped="0">
  <testcase classname="Test.TestCase101" name="regression" time="22.692"/>
</testsuite> <!-- Test.TestCase101 -->
