<?xml version="1.0" encoding="UTF-8"?>
<!-- Generated by org.testng.reporters.JUnitReportReporter -->
<testsuite hostname="LAPTOP-NBCD1KMT" failures="0" tests="1" name="Test.TestCase104" time="6.568" errors="0" timestamp="2024-03-29T10:57:37 IST" skipped="0">
  <testcase classname="Test.TestCase104" name="regression" time="6.568"/>
</testsuite> <!-- Test.TestCase104 -->
