<?xml version="1.0" encoding="UTF-8"?>
<!-- Generated by org.testng.reporters.JUnitReportReporter -->
<testsuite hostname="LAPTOP-NBCD1KMT" failures="0" tests="1" name="Test.TestCase62" time="5.645" errors="0" timestamp="2024-03-28T18:23:48 IST" skipped="0">
  <testcase classname="Test.TestCase62" name="regression" time="5.645"/>
</testsuite> <!-- Test.TestCase62 -->
