<?xml version="1.0" encoding="UTF-8"?>
<!-- Generated by org.testng.reporters.JUnitReportReporter -->
<testsuite hostname="LAPTOP-NBCD1KMT" failures="0" tests="1" name="Test.TestCase15" time="1.009" errors="0" timestamp="2024-03-20T15:23:27 IST" skipped="0">
  <testcase classname="Test.TestCase15" name="regression" time="1.009"/>
</testsuite> <!-- Test.TestCase15 -->
