<?xml version="1.0" encoding="UTF-8"?>
<!-- Generated by org.testng.reporters.JUnitReportReporter -->
<testsuite hostname="LAPTOP-NBCD1KMT" failures="0" tests="1" name="Test.TestCase10" time="3.814" errors="0" timestamp="2024-03-20T12:05:05 IST" skipped="0">
  <testcase classname="Test.TestCase10" name="regression" time="3.814"/>
</testsuite> <!-- Test.TestCase10 -->
