<?xml version="1.0" encoding="UTF-8"?>
<!-- Generated by org.testng.reporters.JUnitReportReporter -->
<testsuite hostname="LAPTOP-NBCD1KMT" failures="0" tests="1" name="Test.TestCase106" time="6.572" errors="0" timestamp="2024-03-29T11:00:11 IST" skipped="0">
  <testcase classname="Test.TestCase106" name="regression" time="6.572"/>
</testsuite> <!-- Test.TestCase106 -->
