<?xml version="1.0" encoding="UTF-8"?>
<!-- Generated by org.testng.reporters.JUnitReportReporter -->
<testsuite hostname="LAPTOP-NBCD1KMT" failures="0" tests="1" name="Test.TestCase46" time="0.721" errors="0" timestamp="2024-03-28T17:25:59 IST" skipped="0">
  <testcase classname="Test.TestCase46" name="regression" time="0.721"/>
</testsuite> <!-- Test.TestCase46 -->
