<?xml version="1.0" encoding="UTF-8"?>
<!-- Generated by org.testng.reporters.JUnitReportReporter -->
<testsuite hostname="LAPTOP-NBCD1KMT" failures="0" tests="1" name="Test.TestCase64" time="6.533" errors="0" timestamp="2024-03-28T18:34:15 IST" skipped="0">
  <testcase classname="Test.TestCase64" name="regression" time="6.533"/>
</testsuite> <!-- Test.TestCase64 -->
