<?xml version="1.0" encoding="UTF-8"?>
<!-- Generated by org.testng.reporters.JUnitReportReporter -->
<testsuite hostname="LAPTOP-NBCD1KMT" failures="0" tests="1" name="Test.TestCase11" time="3.691" errors="0" timestamp="2024-03-20T12:15:17 IST" skipped="0">
  <testcase classname="Test.TestCase11" name="regression" time="3.691"/>
</testsuite> <!-- Test.TestCase11 -->
