<?xml version="1.0" encoding="UTF-8"?>
<!-- Generated by org.testng.reporters.JUnitReportReporter -->
<testsuite hostname="LAPTOP-NBCD1KMT" failures="0" tests="2" name="Test.TestCase31" time="11.037" errors="0" timestamp="2024-03-22T12:48:15 IST" skipped="0">
  <testcase classname="Test.TestCase31" name="regression" time="0.144"/>
  <testcase classname="Test.TestCase31" name="initializeBrowser" time="10.893"/>
</testsuite> <!-- Test.TestCase31 -->
