<?xml version="1.0" encoding="UTF-8"?>
<!-- Generated by org.testng.reporters.JUnitReportReporter -->
<testsuite hostname="LAPTOP-NBCD1KMT" failures="0" tests="2" name="Test.TestCase35" time="29.956" errors="0" timestamp="2024-03-29T12:08:16 IST" skipped="0">
  <testcase classname="Test.TestCase35" name="regression" time="17.899"/>
  <testcase classname="Test.TestCase35" name="initializeBrowser" time="12.057"/>
</testsuite> <!-- Test.TestCase35 -->
