<?xml version="1.0" encoding="UTF-8"?>
<!-- Generated by org.testng.reporters.JUnitReportReporter -->
<testsuite hostname="LAPTOP-NBCD1KMT" failures="0" tests="1" name="Test.TestCase66" time="16.376" errors="0" timestamp="2024-03-28T19:04:43 IST" skipped="0">
  <testcase classname="Test.TestCase66" name="regression" time="16.376"/>
</testsuite> <!-- Test.TestCase66 -->
