<?xml version="1.0" encoding="UTF-8"?>
<!-- Generated by org.testng.reporters.JUnitReportReporter -->
<testsuite hostname="LAPTOP-NBCD1KMT" failures="0" tests="1" name="Test.TestCase28" time="0.842" errors="0" timestamp="2024-03-21T12:01:44 IST" skipped="0">
  <testcase classname="Test.TestCase28" name="regression" time="0.842"/>
</testsuite> <!-- Test.TestCase28 -->
