<?xml version="1.0" encoding="UTF-8"?>
<!-- Generated by org.testng.reporters.JUnitReportReporter -->
<testsuite hostname="LAPTOP-NBCD1KMT" failures="0" tests="1" name="Test.TestCase8" time="11.310" errors="0" timestamp="2024-03-28T18:52:22 IST" skipped="0">
  <testcase classname="Test.TestCase8" name="regression" time="11.310"/>
</testsuite> <!-- Test.TestCase8 -->
