<?xml version="1.0" encoding="UTF-8"?>
<!-- Generated by org.testng.reporters.JUnitReportReporter -->
<testsuite hostname="LAPTOP-NBCD1KMT" failures="0" tests="1" name="Test.TestCase51" time="0.822" errors="0" timestamp="2024-03-28T17:32:11 IST" skipped="0">
  <testcase classname="Test.TestCase51" name="regression" time="0.822"/>
</testsuite> <!-- Test.TestCase51 -->
