<?xml version="1.0" encoding="UTF-8"?>
<!-- Generated by org.testng.reporters.JUnitReportReporter -->
<testsuite hostname="LAPTOP-NBCD1KMT" failures="0" tests="3" name="Test.Datepicker_TestCase3$Registration_TestCase1" time="38.443" errors="0" timestamp="2023-11-13T08:04:35 IST" skipped="0">
  <testcase classname="Test.Datepicker_TestCase3$Registration_TestCase1" name="initialize" time="31.553"/>
  <testcase classname="Test.Datepicker_TestCase3$Registration_TestCase1" name="selectPractice" time="4.097"/>
  <testcase classname="Test.Datepicker_TestCase3$Registration_TestCase1" name="selectDatePicker" time="2.793"/>
</testsuite> <!-- Test.Datepicker_TestCase3$Registration_TestCase1 -->
