<?xml version="1.0" encoding="UTF-8"?>
<!-- Generated by org.testng.reporters.JUnitReportReporter -->
<testsuite hostname="LAPTOP-NBCD1KMT" failures="0" tests="1" name="Test.TestCase5" time="5.374" errors="0" timestamp="2024-03-19T14:02:34 IST" skipped="0">
  <testcase classname="Test.TestCase5" name="regression" time="5.374"/>
</testsuite> <!-- Test.TestCase5 -->
