<?xml version="1.0" encoding="UTF-8"?>
<!-- Generated by org.testng.reporters.JUnitReportReporter -->
<testsuite hostname="LAPTOP-NBCD1KMT" failures="0" tests="1" name="Test.TestCase40" time="3.041" errors="0" timestamp="2024-03-28T15:43:50 IST" skipped="0">
  <testcase classname="Test.TestCase40" name="regression" time="3.041"/>
</testsuite> <!-- Test.TestCase40 -->
