<?xml version="1.0" encoding="UTF-8"?>
<!-- Generated by org.testng.reporters.JUnitReportReporter -->
<testsuite hostname="LAPTOP-NBCD1KMT" failures="0" tests="1" name="Test.TestCase73" time="9.545" errors="0" timestamp="2024-03-29T10:04:57 IST" skipped="0">
  <testcase classname="Test.TestCase73" name="regression" time="9.545"/>
</testsuite> <!-- Test.TestCase73 -->
