<?xml version="1.0" encoding="UTF-8"?>
<!-- Generated by org.testng.reporters.JUnitReportReporter -->
<testsuite hostname="LAPTOP-NBCD1KMT" failures="0" tests="1" name="Test.TestCase26" time="28.076" errors="0" timestamp="2024-03-21T11:43:01 IST" skipped="0">
  <testcase classname="Test.TestCase26" name="regression" time="28.076"/>
</testsuite> <!-- Test.TestCase26 -->
