<?xml version="1.0" encoding="UTF-8"?>
<!-- Generated by org.testng.reporters.JUnitReportReporter -->
<testsuite hostname="LAPTOP-NBCD1KMT" failures="0" tests="1" name="Test.TestCase29" time="12.027" errors="0" timestamp="2024-03-22T12:13:17 IST" skipped="0">
  <testcase classname="Test.TestCase29" name="regression" time="12.027"/>
</testsuite> <!-- Test.TestCase29 -->
