<?xml version="1.0" encoding="UTF-8"?>
<!-- Generated by org.testng.reporters.JUnitReportReporter -->
<testsuite hostname="LAPTOP-NBCD1KMT" failures="0" tests="3" name="Test.Checkbox_TestCase2$Registration_TestCase1" time="32.628" errors="0" timestamp="2023-11-13T08:02:09 IST" skipped="0">
  <testcase classname="Test.Checkbox_TestCase2$Registration_TestCase1" name="initialize" time="27.132"/>
  <testcase classname="Test.Checkbox_TestCase2$Registration_TestCase1" name="selectPractice" time="4.334"/>
  <testcase classname="Test.Checkbox_TestCase2$Registration_TestCase1" name="verifyCheckbox" time="1.162"/>
</testsuite> <!-- Test.Checkbox_TestCase2$Registration_TestCase1 -->
