<?xml version="1.0" encoding="UTF-8"?>
<!-- Generated by org.testng.reporters.JUnitReportReporter -->
<testsuite hostname="LAPTOP-NBCD1KMT" failures="0" tests="2" name="Test.TestCase20" time="26.061" errors="0" timestamp="2024-03-21T10:55:58 IST" skipped="0">
  <testcase classname="Test.TestCase20" name="initializeBrowser" time="6.553"/>
  <testcase classname="Test.TestCase20" name="regression" time="19.508"/>
</testsuite> <!-- Test.TestCase20 -->
