<?xml version="1.0" encoding="UTF-8"?>
<!-- Generated by org.testng.reporters.JUnitReportReporter -->
<testsuite hostname="LAPTOP-NBCD1KMT" failures="0" tests="2" name="Test.Registration_TestCase1" time="37.140" errors="0" timestamp="2023-11-13T08:01:10 IST" skipped="0">
  <testcase classname="Test.Registration_TestCase1" name="initialize" time="21.009"/>
  <testcase classname="Test.Registration_TestCase1" name="registration" time="16.131"/>
</testsuite> <!-- Test.Registration_TestCase1 -->
