<?xml version="1.0" encoding="UTF-8"?>
<!-- Generated by org.testng.reporters.JUnitReportReporter -->
<testsuite hostname="LAPTOP-NBCD1KMT" failures="0" tests="1" name="Test.TestCase88" time="2.180" errors="0" timestamp="2024-03-29T10:30:45 IST" skipped="0">
  <testcase classname="Test.TestCase88" name="regression" time="2.180"/>
</testsuite> <!-- Test.TestCase88 -->
