<?xml version="1.0" encoding="UTF-8"?>
<!-- Generated by org.testng.reporters.JUnitReportReporter -->
<testsuite hostname="LAPTOP-NBCD1KMT" failures="0" tests="1" name="Test.TestCase43" time="11.495" errors="0" timestamp="2024-03-28T18:39:01 IST" skipped="0">
  <testcase classname="Test.TestCase43" name="regression" time="11.495"/>
</testsuite> <!-- Test.TestCase43 -->
