<?xml version="1.0" encoding="UTF-8"?>
<!-- Generated by org.testng.reporters.JUnitReportReporter -->
<testsuite hostname="LAPTOP-NBCD1KMT" failures="0" tests="1" name="Test.TestCase69" time="6.733" errors="0" timestamp="2024-03-28T19:19:40 IST" skipped="0">
  <testcase classname="Test.TestCase69" name="regression" time="6.733"/>
</testsuite> <!-- Test.TestCase69 -->
