<?xml version="1.0" encoding="UTF-8"?>
<!-- Generated by org.testng.reporters.JUnitReportReporter -->
<testsuite hostname="LAPTOP-NBCD1KMT" failures="0" tests="1" name="Test.TestCase23" time="14.217" errors="0" timestamp="2024-03-21T11:24:29 IST" skipped="0">
  <testcase classname="Test.TestCase23" name="regression" time="14.217"/>
</testsuite> <!-- Test.TestCase23 -->
