<?xml version="1.0" encoding="UTF-8"?>
<!-- Generated by org.testng.reporters.JUnitReportReporter -->
<testsuite hostname="LAPTOP-NBCD1KMT" failures="0" tests="1" name="Test.TestCase56" time="15.894" errors="0" timestamp="2024-03-28T17:52:21 IST" skipped="0">
  <testcase classname="Test.TestCase56" name="regression" time="15.894"/>
</testsuite> <!-- Test.TestCase56 -->
