<?xml version="1.0" encoding="UTF-8"?>
<!-- Generated by org.testng.reporters.JUnitReportReporter -->
<testsuite hostname="LAPTOP-NBCD1KMT" failures="0" tests="1" name="Test.TestCase32" time="2.469" errors="0" timestamp="2024-03-22T13:11:02 IST" skipped="0">
  <testcase classname="Test.TestCase32" name="regression" time="2.469"/>
</testsuite> <!-- Test.TestCase32 -->
