<?xml version="1.0" encoding="UTF-8"?>
<!-- Generated by org.testng.reporters.JUnitReportReporter -->
<testsuite hostname="LAPTOP-NBCD1KMT" failures="0" tests="1" name="Test.TestCase70" time="6.664" errors="0" timestamp="2024-03-28T19:21:03 IST" skipped="0">
  <testcase classname="Test.TestCase70" name="regression" time="6.664"/>
</testsuite> <!-- Test.TestCase70 -->
