<?xml version="1.0" encoding="UTF-8"?>
<!-- Generated by org.testng.reporters.JUnitReportReporter -->
<testsuite hostname="LAPTOP-NBCD1KMT" failures="0" tests="1" name="Test.TestCase61" time="5.429" errors="0" timestamp="2024-03-28T18:21:40 IST" skipped="0">
  <testcase classname="Test.TestCase61" name="regression" time="5.429"/>
</testsuite> <!-- Test.TestCase61 -->
