<?xml version="1.0" encoding="UTF-8"?>
<!-- Generated by org.testng.reporters.JUnitReportReporter -->
<testsuite hostname="LAPTOP-NBCD1KMT" failures="0" tests="1" name="Test.TestCase77" time="3.069" errors="0" timestamp="2024-03-29T10:12:05 IST" skipped="0">
  <testcase classname="Test.TestCase77" name="regression" time="3.069"/>
</testsuite> <!-- Test.TestCase77 -->
