<?xml version="1.0" encoding="UTF-8"?>
<!-- Generated by org.testng.reporters.JUnitReportReporter -->
<testsuite hostname="LAPTOP-NBCD1KMT" failures="0" tests="1" name="Test.TestCase3" time="5.761" errors="0" timestamp="2024-03-19T13:52:47 IST" skipped="0">
  <testcase classname="Test.TestCase3" name="regression" time="5.761"/>
</testsuite> <!-- Test.TestCase3 -->
