<?xml version="1.0" encoding="UTF-8"?>
<!-- Generated by org.testng.reporters.JUnitReportReporter -->
<testsuite hostname="LAPTOP-NBCD1KMT" failures="0" tests="1" name="Test.TestCase16" time="1.697" errors="0" timestamp="2024-03-20T15:41:12 IST" skipped="0">
  <testcase classname="Test.TestCase16" name="regression" time="1.697"/>
</testsuite> <!-- Test.TestCase16 -->
