<?xml version="1.0" encoding="UTF-8"?>
<!-- Generated by org.testng.reporters.JUnitReportReporter -->
<testsuite hostname="LAPTOP-NBCD1KMT" failures="0" tests="1" name="Test.TestCase75" time="2.915" errors="0" timestamp="2024-03-29T10:09:09 IST" skipped="0">
  <testcase classname="Test.TestCase75" name="regression" time="2.915"/>
</testsuite> <!-- Test.TestCase75 -->
