<?xml version="1.0" encoding="UTF-8"?>
<!-- Generated by org.testng.reporters.JUnitReportReporter -->
<testsuite hostname="LAPTOP-NBCD1KMT" failures="0" tests="1" name="Test.TestCase102" time="7.026" errors="0" timestamp="2024-03-29T10:54:49 IST" skipped="0">
  <testcase classname="Test.TestCase102" name="regression" time="7.026"/>
</testsuite> <!-- Test.TestCase102 -->
