<?xml version="1.0" encoding="UTF-8"?>
<!-- Generated by org.testng.reporters.JUnitReportReporter -->
<testsuite hostname="LAPTOP-NBCD1KMT" failures="0" tests="1" name="Test.TestCase55" time="0.462" errors="0" timestamp="2024-03-28T17:39:15 IST" skipped="0">
  <testcase classname="Test.TestCase55" name="regression" time="0.462"/>
</testsuite> <!-- Test.TestCase55 -->
