<?xml version="1.0" encoding="UTF-8"?>
<!-- Generated by org.testng.reporters.JUnitReportReporter -->
<testsuite hostname="LAPTOP-NBCD1KMT" failures="0" tests="1" name="Test.TestCase47" time="1.087" errors="0" timestamp="2024-03-28T17:28:18 IST" skipped="0">
  <testcase classname="Test.TestCase47" name="regression" time="1.087"/>
</testsuite> <!-- Test.TestCase47 -->
