<?xml version="1.0" encoding="UTF-8"?>
<!-- Generated by org.testng.reporters.JUnitReportReporter -->
<testsuite hostname="LAPTOP-NBCD1KMT" failures="0" tests="1" name="Test.TestCase59" time="5.368" errors="0" timestamp="2024-03-28T18:12:57 IST" skipped="0">
  <testcase classname="Test.TestCase59" name="regression" time="5.368"/>
</testsuite> <!-- Test.TestCase59 -->
