<?xml version="1.0" encoding="UTF-8"?>
<!-- Generated by org.testng.reporters.JUnitReportReporter -->
<testsuite hostname="LAPTOP-NBCD1KMT" failures="0" tests="1" name="Test.TestCase79" time="11.761" errors="0" timestamp="2024-03-29T10:17:57 IST" skipped="0">
  <testcase classname="Test.TestCase79" name="regression" time="11.761"/>
</testsuite> <!-- Test.TestCase79 -->
