<?xml version="1.0" encoding="UTF-8"?>
<!-- Generated by org.testng.reporters.JUnitReportReporter -->
<testsuite hostname="LAPTOP-NBCD1KMT" failures="0" tests="2" name="Test.TestCase107" time="33.906" errors="0" timestamp="2024-03-29T12:13:23 IST" skipped="0">
  <testcase classname="Test.TestCase107" name="regression" time="17.941"/>
  <testcase classname="Test.TestCase107" name="initializeBrowser" time="15.965"/>
</testsuite> <!-- Test.TestCase107 -->
