<?xml version="1.0" encoding="UTF-8"?>
<!-- Generated by org.testng.reporters.JUnitReportReporter -->
<testsuite hostname="LAPTOP-NBCD1KMT" failures="0" tests="1" name="Test.TestCase82" time="0.723" errors="0" timestamp="2024-03-29T10:26:16 IST" skipped="0">
  <testcase classname="Test.TestCase82" name="regression" time="0.723"/>
</testsuite> <!-- Test.TestCase82 -->
