<?xml version="1.0" encoding="UTF-8"?>
<!-- Generated by org.testng.reporters.JUnitReportReporter -->
<testsuite hostname="LAPTOP-NBCD1KMT" failures="0" tests="1" name="Test.TestCase44" time="11.471" errors="0" timestamp="2024-03-28T18:54:53 IST" skipped="0">
  <testcase classname="Test.TestCase44" name="regression" time="11.471"/>
</testsuite> <!-- Test.TestCase44 -->
