<?xml version="1.0" encoding="UTF-8"?>
<!-- Generated by org.testng.reporters.JUnitReportReporter -->
<testsuite hostname="LAPTOP-NBCD1KMT" failures="0" tests="1" name="Test.TestCase9" time="3.300" errors="0" timestamp="2024-03-20T11:48:36 IST" skipped="0">
  <testcase classname="Test.TestCase9" name="regression" time="3.300"/>
</testsuite> <!-- Test.TestCase9 -->
