<?xml version="1.0" encoding="UTF-8"?>
<!-- Generated by org.testng.reporters.JUnitReportReporter -->
<testsuite hostname="LAPTOP-NBCD1KMT" failures="0" tests="1" name="Test.TestCase39" time="3.001" errors="0" timestamp="2024-03-28T15:40:16 IST" skipped="0">
  <testcase classname="Test.TestCase39" name="regression" time="3.001"/>
</testsuite> <!-- Test.TestCase39 -->
