<?xml version="1.0" encoding="UTF-8"?>
<!-- Generated by org.testng.reporters.JUnitReportReporter -->
<testsuite hostname="LAPTOP-NBCD1KMT" failures="0" tests="1" name="Test.TestCase105" time="6.564" errors="0" timestamp="2024-03-29T10:58:53 IST" skipped="0">
  <testcase classname="Test.TestCase105" name="regression" time="6.564"/>
</testsuite> <!-- Test.TestCase105 -->
