<?xml version="1.0" encoding="UTF-8"?>
<!-- Generated by org.testng.reporters.JUnitReportReporter -->
<testsuite hostname="LAPTOP-NBCD1KMT" failures="0" tests="1" name="Test.TestCase34" time="2.487" errors="0" timestamp="2024-03-22T13:18:15 IST" skipped="0">
  <testcase classname="Test.TestCase34" name="regression" time="2.487"/>
</testsuite> <!-- Test.TestCase34 -->
