<?xml version="1.0" encoding="UTF-8"?>
<!-- Generated by org.testng.reporters.JUnitReportReporter -->
<testsuite hostname="LAPTOP-NBCD1KMT" failures="0" tests="1" name="Test.TestCase30" time="12.254" errors="0" timestamp="2024-03-22T12:08:34 IST" skipped="0">
  <testcase classname="Test.TestCase30" name="regression" time="12.254"/>
</testsuite> <!-- Test.TestCase30 -->
