<?xml version="1.0" encoding="UTF-8"?>
<!-- Generated by org.testng.reporters.JUnitReportReporter -->
<testsuite hostname="LAPTOP-NBCD1KMT" failures="0" tests="1" name="Test.TestCase80" time="12.063" errors="0" timestamp="2024-03-29T10:21:54 IST" skipped="0">
  <testcase classname="Test.TestCase80" name="regression" time="12.063"/>
</testsuite> <!-- Test.TestCase80 -->
