<?xml version="1.0" encoding="UTF-8"?>
<!-- Generated by org.testng.reporters.JUnitReportReporter -->
<testsuite hostname="LAPTOP-NBCD1KMT" failures="0" tests="1" name="Test.TestCase45" time="0.608" errors="0" timestamp="2024-03-28T17:24:16 IST" skipped="0">
  <testcase classname="Test.TestCase45" name="regression" time="0.608"/>
</testsuite> <!-- Test.TestCase45 -->
