<?xml version="1.0" encoding="UTF-8"?>
<!-- Generated by org.testng.reporters.JUnitReportReporter -->
<testsuite hostname="LAPTOP-NBCD1KMT" failures="0" tests="1" name="Test.TestCase74" time="2.859" errors="0" timestamp="2024-03-29T10:06:44 IST" skipped="0">
  <testcase classname="Test.TestCase74" name="regression" time="2.859"/>
</testsuite> <!-- Test.TestCase74 -->
