<?xml version="1.0" encoding="UTF-8"?>
<!-- Generated by org.testng.reporters.JUnitReportReporter -->
<testsuite hostname="LAPTOP-NBCD1KMT" failures="0" tests="1" name="Test.TestCase2" time="5.728" errors="0" timestamp="2024-03-19T13:45:52 IST" skipped="0">
  <testcase classname="Test.TestCase2" name="regression" time="5.728"/>
</testsuite> <!-- Test.TestCase2 -->
