<?xml version="1.0" encoding="UTF-8"?>
<!-- Generated by org.testng.reporters.JUnitReportReporter -->
<testsuite hostname="LAPTOP-NBCD1KMT" failures="0" tests="2" name="Test.TestCase19" time="6.825" errors="0" timestamp="2024-03-21T10:34:04 IST" skipped="0">
  <testcase classname="Test.TestCase19" name="regression" time="0.362"/>
  <testcase classname="Test.TestCase19" name="initializeBrowser" time="6.463"/>
</testsuite> <!-- Test.TestCase19 -->
