<?xml version="1.0" encoding="UTF-8"?>
<!-- Generated by org.testng.reporters.JUnitReportReporter -->
<testsuite hostname="LAPTOP-NBCD1KMT" failures="0" tests="1" name="Test.TestCase38" time="2.939" errors="0" timestamp="2024-03-28T15:38:12 IST" skipped="0">
  <testcase classname="Test.TestCase38" name="regression" time="2.939"/>
</testsuite> <!-- Test.TestCase38 -->
