<?xml version="1.0" encoding="UTF-8"?>
<!-- Generated by org.testng.reporters.JUnitReportReporter -->
<testsuite hostname="LAPTOP-NBCD1KMT" failures="0" tests="1" name="Test.TestCase91" time="0.304" errors="0" timestamp="2024-03-29T10:37:56 IST" skipped="0">
  <testcase classname="Test.TestCase91" name="regression" time="0.304"/>
</testsuite> <!-- Test.TestCase91 -->
