<?xml version="1.0" encoding="UTF-8"?>
<!-- Generated by org.testng.reporters.JUnitReportReporter -->
<testsuite hostname="LAPTOP-NBCD1KMT" failures="0" tests="1" name="Test.TestCase19" time="0.003" errors="0" timestamp="2024-03-29T13:08:52 IST" skipped="1">
  <testcase classname="Test.TestCase19" name="regression" time="0.003">
    <skipped/>
  </testcase> <!-- regression -->
</testsuite> <!-- Test.TestCase19 -->
