<?xml version="1.0" encoding="UTF-8"?>
<!-- Generated by org.testng.reporters.JUnitReportReporter -->
<testsuite hostname="LAPTOP-NBCD1KMT" failures="0" tests="1" name="Test.TestCase80" time="0.001" errors="0" timestamp="2024-03-29T12:24:10 IST" skipped="1">
  <testcase classname="Test.TestCase80" name="regression" time="0.001">
    <skipped/>
  </testcase> <!-- regression -->
</testsuite> <!-- Test.TestCase80 -->
